<?xml version="1.0" encoding="UTF-8"?>
<testsuite xmlns:xsi="http://www.w3.org/2001/XMLSchema-instance" xsi:noNamespaceSchemaLocation="https://maven.apache.org/surefire/maven-surefire-plugin/xsd/surefire-test-report-3.0.xsd" version="3.0" name="TestSuite" time="0.388" tests="0" errors="0" skipped="0" failures="0">
  <properties>
    <property name="sun.desktop" value="windows"/>
    <property name="awt.toolkit" value="sun.awt.windows.WToolkit"/>
    <property name="file.encoding.pkg" value="sun.io"/>
    <property name="java.specification.version" value="1.8"/>
    <property name="sun.cpu.isalist" value="amd64"/>
    <property name="sun.jnu.encoding" value="Cp1252"/>
    <property name="java.class.path" value="D:\GitHub\sample-testng\target\test-classes;D:\GitHub\sample-testng\target\classes;C:\Users\hai\.m2\repository\org\testng\testng\7.4.0\testng-7.4.0.jar;C:\Users\hai\.m2\repository\com\beust\jcommander\1.78\jcommander-1.78.jar;C:\Users\hai\.m2\repository\org\webjars\jquery\3.5.1\jquery-3.5.1.jar;C:\Users\hai\.m2\repository\com\github\sdrss\reportng\2.6.3\reportng-2.6.3.jar;C:\Users\hai\.m2\repository\velocity\velocity\1.5\velocity-1.5.jar;C:\Users\hai\.m2\repository\commons-collections\commons-collections\3.1\commons-collections-3.1.jar;C:\Users\hai\.m2\repository\commons-lang\commons-lang\2.1\commons-lang-2.1.jar;C:\Users\hai\.m2\repository\oro\oro\2.0.8\oro-2.0.8.jar;C:\Users\hai\.m2\repository\commons-io\commons-io\2.7\commons-io-2.7.jar;C:\Users\hai\.m2\repository\com\fasterxml\jackson\core\jackson-core\2.10.1\jackson-core-2.10.1.jar;C:\Users\hai\.m2\repository\com\fasterxml\jackson\core\jackson-databind\2.10.5.1\jackson-databind-2.10.5.1.jar;C:\Users\hai\.m2\repository\com\fasterxml\jackson\core\jackson-annotations\2.10.1\jackson-annotations-2.10.1.jar;C:\Users\hai\.m2\repository\com\google\inject\guice\4.2.2\guice-4.2.2.jar;C:\Users\hai\.m2\repository\javax\inject\javax.inject\1\javax.inject-1.jar;C:\Users\hai\.m2\repository\aopalliance\aopalliance\1.0\aopalliance-1.0.jar;C:\Users\hai\.m2\repository\com\google\guava\guava\25.1-android\guava-25.1-android.jar;C:\Users\hai\.m2\repository\com\google\code\findbugs\jsr305\3.0.2\jsr305-3.0.2.jar;C:\Users\hai\.m2\repository\org\checkerframework\checker-compat-qual\2.0.0\checker-compat-qual-2.0.0.jar;C:\Users\hai\.m2\repository\com\google\errorprone\error_prone_annotations\2.1.3\error_prone_annotations-2.1.3.jar;C:\Users\hai\.m2\repository\com\google\j2objc\j2objc-annotations\1.1\j2objc-annotations-1.1.jar;C:\Users\hai\.m2\repository\org\codehaus\mojo\animal-sniffer-annotations\1.14\animal-sniffer-annotations-1.14.jar;C:\Users\hai\.m2\repository\org\slf4j\slf4j-api\1.7.29\slf4j-api-1.7.29.jar;"/>
    <property name="java.vm.vendor" value="Oracle Corporation"/>
    <property name="sun.arch.data.model" value="64"/>
    <property name="user.variant" value=""/>
    <property name="java.vendor.url" value="http://java.oracle.com/"/>
    <property name="user.timezone" value="Asia/Bangkok"/>
    <property name="java.vm.specification.version" value="1.8"/>
    <property name="os.name" value="Windows 10"/>
    <property name="user.country" value="US"/>
    <property name="sun.java.launcher" value="SUN_STANDARD"/>
    <property name="sun.boot.library.path" value="C:\Program Files\Java\jdk1.8.0_301\jre\bin"/>
    <property name="sun.java.command" value="C:\Users\hai\AppData\Local\Temp\surefire7358487916148927684\surefirebooter1917976978312796463.jar C:\Users\hai\AppData\Local\Temp\surefire7358487916148927684 2021-10-06T04-20-27_033-jvmRun1 surefire7461298925700311820tmp surefire_03547941717740039609tmp"/>
    <property name="surefire.test.class.path" value="D:\GitHub\sample-testng\target\test-classes;D:\GitHub\sample-testng\target\classes;C:\Users\hai\.m2\repository\org\testng\testng\7.4.0\testng-7.4.0.jar;C:\Users\hai\.m2\repository\com\beust\jcommander\1.78\jcommander-1.78.jar;C:\Users\hai\.m2\repository\org\webjars\jquery\3.5.1\jquery-3.5.1.jar;C:\Users\hai\.m2\repository\com\github\sdrss\reportng\2.6.3\reportng-2.6.3.jar;C:\Users\hai\.m2\repository\velocity\velocity\1.5\velocity-1.5.jar;C:\Users\hai\.m2\repository\commons-collections\commons-collections\3.1\commons-collections-3.1.jar;C:\Users\hai\.m2\repository\commons-lang\commons-lang\2.1\commons-lang-2.1.jar;C:\Users\hai\.m2\repository\oro\oro\2.0.8\oro-2.0.8.jar;C:\Users\hai\.m2\repository\commons-io\commons-io\2.7\commons-io-2.7.jar;C:\Users\hai\.m2\repository\com\fasterxml\jackson\core\jackson-core\2.10.1\jackson-core-2.10.1.jar;C:\Users\hai\.m2\repository\com\fasterxml\jackson\core\jackson-databind\2.10.5.1\jackson-databind-2.10.5.1.jar;C:\Users\hai\.m2\repository\com\fasterxml\jackson\core\jackson-annotations\2.10.1\jackson-annotations-2.10.1.jar;C:\Users\hai\.m2\repository\com\google\inject\guice\4.2.2\guice-4.2.2.jar;C:\Users\hai\.m2\repository\javax\inject\javax.inject\1\javax.inject-1.jar;C:\Users\hai\.m2\repository\aopalliance\aopalliance\1.0\aopalliance-1.0.jar;C:\Users\hai\.m2\repository\com\google\guava\guava\25.1-android\guava-25.1-android.jar;C:\Users\hai\.m2\repository\com\google\code\findbugs\jsr305\3.0.2\jsr305-3.0.2.jar;C:\Users\hai\.m2\repository\org\checkerframework\checker-compat-qual\2.0.0\checker-compat-qual-2.0.0.jar;C:\Users\hai\.m2\repository\com\google\errorprone\error_prone_annotations\2.1.3\error_prone_annotations-2.1.3.jar;C:\Users\hai\.m2\repository\com\google\j2objc\j2objc-annotations\1.1\j2objc-annotations-1.1.jar;C:\Users\hai\.m2\repository\org\codehaus\mojo\animal-sniffer-annotations\1.14\animal-sniffer-annotations-1.14.jar;C:\Users\hai\.m2\repository\org\slf4j\slf4j-api\1.7.29\slf4j-api-1.7.29.jar;"/>
    <property name="sun.cpu.endian" value="little"/>
    <property name="user.home" value="C:\Users\hai"/>
    <property name="user.language" value="en"/>
    <property name="java.specification.vendor" value="Oracle Corporation"/>
    <property name="java.home" value="C:\Program Files\Java\jdk1.8.0_301\jre"/>
    <property name="basedir" value="D:\GitHub\sample-testng"/>
    <property name="file.separator" value="\"/>
    <property name="line.separator" value="&#10;"/>
    <property name="java.vm.specification.vendor" value="Oracle Corporation"/>
    <property name="java.specification.name" value="Java Platform API Specification"/>
    <property name="java.awt.graphicsenv" value="sun.awt.Win32GraphicsEnvironment"/>
    <property name="surefire.real.class.path" value="C:\Users\hai\AppData\Local\Temp\surefire7358487916148927684\surefirebooter1917976978312796463.jar"/>
    <property name="sun.boot.class.path" value="C:\Program Files\Java\jdk1.8.0_301\jre\lib\resources.jar;C:\Program Files\Java\jdk1.8.0_301\jre\lib\rt.jar;C:\Program Files\Java\jdk1.8.0_301\jre\lib\sunrsasign.jar;C:\Program Files\Java\jdk1.8.0_301\jre\lib\jsse.jar;C:\Program Files\Java\jdk1.8.0_301\jre\lib\jce.jar;C:\Program Files\Java\jdk1.8.0_301\jre\lib\charsets.jar;C:\Program Files\Java\jdk1.8.0_301\jre\lib\jfr.jar;C:\Program Files\Java\jdk1.8.0_301\jre\classes"/>
    <property name="user.script" value=""/>
    <property name="sun.management.compiler" value="HotSpot 64-Bit Tiered Compilers"/>
    <property name="java.runtime.version" value="1.8.0_301-b09"/>
    <property name="user.name" value="hai"/>
    <property name="path.separator" value=";"/>
    <property name="os.version" value="10.0"/>
    <property name="java.endorsed.dirs" value="C:\Program Files\Java\jdk1.8.0_301\jre\lib\endorsed"/>
    <property name="java.runtime.name" value="Java(TM) SE Runtime Environment"/>
    <property name="file.encoding" value="Cp1252"/>
    <property name="java.vm.name" value="Java HotSpot(TM) 64-Bit Server VM"/>
    <property name="localRepository" value="C:\Users\hai\.m2\repository"/>
    <property name="java.vendor.url.bug" value="http://bugreport.sun.com/bugreport/"/>
    <property name="java.io.tmpdir" value="C:\Users\hai\AppData\Local\Temp\"/>
    <property name="java.version" value="1.8.0_301"/>
    <property name="user.dir" value="D:\GitHub\sample-testng"/>
    <property name="os.arch" value="amd64"/>
    <property name="java.vm.specification.name" value="Java Virtual Machine Specification"/>
    <property name="java.awt.printerjob" value="sun.awt.windows.WPrinterJob"/>
    <property name="sun.os.patch.level" value=""/>
    <property name="java.library.path" value="C:\Program Files\Java\jdk1.8.0_301\jre\bin;C:\windows\Sun\Java\bin;C:\windows\system32;C:\windows;C:\Python39\Scripts\;C:\Python39\;C:\Program Files (x86)\Common Files\Oracle\Java\javapath;C:\windows\system32;C:\windows;C:\windows\System32\Wbem;C:\windows\System32\WindowsPowerShell\v1.0\;C:\windows\System32\OpenSSH\;C:\Program Files\Git\cmd;C:\Program Files\Java\jdk1.8.0_301\bin;C:\apache-maven-3.8.1-bin\apache-maven-3.8.1\bin;C:\Program Files\Microsoft SQL Server\Client SDK\ODBC\110\Tools\Binn\;C:\Program Files (x86)\Microsoft SQL Server\120\Tools\Binn\;C:\Program Files\Microsoft SQL Server\120\Tools\Binn\;C:\Program Files\Microsoft SQL Server\120\DTS\Binn\;C:\Program Files (x86)\Microsoft SQL Server\120\Tools\Binn\ManagementStudio\;C:\Program Files (x86)\Microsoft SQL Server\120\DTS\Binn\;C:\ProgramData\chocolatey\bin;D:\MongoDB\bin;C:\mongosh-1.0.5-win32-x64\bin;C:\ProgramData\Microsoft\Windows\Start Menu\Programs\Vim 8.2;C:\Users\hai\Desktop\spring-boot-cli-2.5.4-bin\spring-2.5.4\bin;C:\Program Files\nodejs\;C:\Program Files\Microsoft SQL Server\Client SDK\ODBC\170\Tools\Binn\;C:\Program Files (x86)\Microsoft SQL Server\150\Tools\Binn\;C:\Program Files\Microsoft SQL Server\150\Tools\Binn\;C:\Program Files\Microsoft SQL Server\150\DTS\Binn\;C:\Program Files (x86)\Microsoft SQL Server\150\DTS\Binn\;C:\Program Files\Azure Data Studio\bin;C:\Users\hai;C:\Users\hai\AppData\Local\Microsoft\WindowsApps;C:\Users\hai\AppData\Local\GitHubDesktop\bin;C:\Users\hai\AppData\Roaming\npm;C:\Program Files\Azure Data Studio\bin;C:\Program Files (x86)\GitHub CLI\;."/>
    <property name="java.vm.info" value="mixed mode"/>
    <property name="java.vendor" value="Oracle Corporation"/>
    <property name="java.vm.version" value="25.301-b09"/>
    <property name="java.ext.dirs" value="C:\Program Files\Java\jdk1.8.0_301\jre\lib\ext;C:\windows\Sun\Java\lib\ext"/>
    <property name="sun.io.unicode.encoding" value="UnicodeLittle"/>
    <property name="java.class.version" value="52.0"/>
  </properties>
</testsuite>